TN:
SF:src\config\appConfig.ts
FN:15,resolveEnvironment
FN:22,getAppConfig
FNF:2
FNH:2
FNDA:5,resolveEnvironment
FNDA:1,getAppConfig
DA:13,1
DA:16,5
DA:17,2
DA:19,3
DA:23,1
DA:24,1
DA:25,1
DA:26,1
DA:28,1
LF:9
LH:9
BRDA:16,0,0,2
BRDA:16,0,1,3
BRDA:16,1,0,5
BRDA:16,1,1,3
BRDA:24,2,0,1
BRDA:24,2,1,1
BRDA:24,2,2,1
BRDA:25,3,0,1
BRDA:25,3,1,1
BRDA:26,4,0,1
BRDA:26,4,1,1
BRDA:26,4,2,1
BRF:12
BRH:12
end_of_record
TN:
SF:src\theme\spacing.ts
FNF:0
FNH:0
DA:1,1
LF:1
LH:1
BRF:0
BRH:0
end_of_record
TN:
SF:src\utils\noop.ts
FN:1,(anonymous_0)
FNF:1
FNH:1
FNDA:2,(anonymous_0)
DA:1,1
LF:1
LH:1
BRF:0
BRH:0
end_of_record
